[11:58:59] [INFO] More Chickens PreInit...
[11:59:42] [INFO] More Chickens Init...
[11:59:42] [INFO] Looking for More Chickens addon...
[11:59:42] [INFO] Loading More Chickens addon...
[11:59:42] [INFO] Looking for Base Metals addon...
[11:59:42] [INFO] Loading Base Metals addon...
[11:59:42] [ERROR] Error Registering (basemetals) Chicken: 'invarchicken' It's LayItem was null
[11:59:42] [ERROR] Error Registering (basemetals) Chicken: 'bronzechicken' It's LayItem was null
[11:59:42] [ERROR] Error Registering (basemetals) Chicken: 'zincchicken' It's LayItem was null
[11:59:42] [ERROR] Error Registering (basemetals) Chicken: 'tinchicken' It's LayItem was null
[11:59:42] [ERROR] Error Registering (basemetals) Chicken: 'platinumchicken' It's LayItem was null
[11:59:42] [ERROR] Error Registering (basemetals) Chicken: 'brasschicken' It's LayItem was null
[11:59:42] [ERROR] Error Registering (basemetals) Chicken: 'cupronickelchicken' It's LayItem was null
[11:59:42] [ERROR] Error Registering (basemetals) Chicken: 'saltpeterchicken' It's LayItem was null
[11:59:42] [INFO] Looking for Botania addon...
[11:59:42] [INFO] Loading Botania addon...
[11:59:42] [INFO] Looking for Draconic Evolution addon...
[11:59:42] [INFO] Loading Draconic Evolution addon...
[11:59:42] [INFO] Looking for EnderIO addon...
[11:59:42] [INFO] Loading EnderIO addon...
[11:59:42] [INFO] Looking for Extreme Reactors addon...
[11:59:42] [INFO] Loading Extreme Reactors addon...
[11:59:42] [INFO] Looking for Immersive Engineering addon...
[11:59:42] [INFO] Loading Immersive Engineering addon...
[11:59:42] [INFO] Looking for Mekanism addon...
[11:59:42] [INFO] Loading Mekanism addon...
[11:59:42] [INFO] Looking for Thermal Foundation addon...
[11:59:42] [INFO] Looking for Tinkers Construct addon...
[11:59:42] [INFO] Loading Tinkers Construct addon...
[11:59:42] [INFO] More Chickens Loading Config...
